# Start Thu Sep 10 20:01:57 2015
#IN default
#N neural_net 1
#N nn_end
# Recording every dataset
# [default's Agent, $ID$][33408267]
# ######
# -[default, $Id$][2079803825]
# -######
# -[1, 1][516914677]
# -######
#I D t time (s)
#I [One2OneWiring] D x_ sensor values
#I [One2OneWiring] D y_ motor values (controller output)
#I [1] D parameter1 parameter1
#I [1] D parameter2 parameter2
#######
#C t x[0] x[1] x[2] x[3] x[4] x[5] x[6] x[7] x[8] x[9] x[10] x[11] y[0] y[1] y[2] y[3] parameter1 parameter2
#V 0 video
19.050000 0.616469 1.004557 0.125175 0.092981 0.619453 0.659606 0.748548 0.766252 -0.011919 0.005652 0.569334 0.673578 1.000000 1.000000 1.000000 1.000000 0.619453 0.659606
19.060000 0.609246 1.002247 0.130700 0.094867 0.618197 0.662734 0.753164 0.770732 -0.005337 0.003673 0.563337 0.676187 1.000000 1.000000 1.000000 1.000000 0.618197 0.662734
19.070000 0.603655 0.999050 0.130773 0.096629 0.624427 0.659437 0.753543 0.776278 0.000957 0.007011 0.560787 0.679975 1.000000 1.000000 1.000000 1.000000 0.624427 0.659437
19.080000 0.600121 0.997640 0.134433 0.103310 0.625809 0.657315 0.752655 0.778336 -0.003531 0.008591 0.555928 0.676131 1.000000 1.000000 1.000000 1.000000 0.625809 0.657315
#V 1 video
19.090000 0.597734 1.000967 0.127673 0.105803 0.625887 0.661803 0.752591 0.774456 -0.000549 0.010953 0.552866 0.674629 1.000000 1.000000 1.000000 1.000000 0.625887 0.661803
19.100000 0.597191 0.994828 0.123032 0.113062 0.621973 0.658685 0.756830 0.775997 -0.003212 0.011780 0.556564 0.675047 1.000000 1.000000 1.000000 1.000000 0.621973 0.658685
19.110000 0.592459 0.990345 0.126756 0.116626 0.623833 0.658770 0.760066 0.770843 0.002843 0.009038 0.561778 0.676914 1.000000 1.000000 1.000000 1.000000 0.623833 0.658770
19.120000 0.596699 0.987826 0.128425 0.110112 0.629752 0.658283 0.759738 0.768066 0.006046 0.013262 0.566308 0.680868 1.000000 1.000000 1.000000 1.000000 0.629752 0.658283
#V 2 video
19.130000 0.595262 0.994980 0.123760 0.111137 0.623438 0.658352 0.751525 0.762458 -0.000617 0.012297 0.566652 0.676173 1.000000 1.000000 1.000000 1.000000 0.623438 0.658352
19.140000 0.605547 0.990773 0.117518 0.116199 0.623505 0.654199 0.744745 0.766581 -0.001601 0.005830 0.567602 0.676823 1.000000 1.000000 1.000000 1.000000 0.623505 0.654199
19.150000 0.607109 0.985916 0.119952 0.110913 0.620608 0.659985 0.742245 0.770487 0.002540 0.011499 0.568403 0.676465 1.000000 1.000000 1.000000 1.000000 0.620608 0.659985
19.160000 0.615093 0.987539 0.120090 0.108835 0.623006 0.659782 0.738770 0.768810 0.000030 0.007749 0.569634 0.677826 1.000000 1.000000 1.000000 1.000000 0.623006 0.659782
#V 3 video
19.170000 0.628436 0.985702 0.117824 0.107978 0.628163 0.658717 0.732908 0.770493 0.004388 0.005863 0.569340 0.682668 1.000000 1.000000 1.000000 1.000000 0.628163 0.658717
19.180000 0.639431 0.993420 0.119874 0.108104 0.632591 0.665267 0.728840 0.769703 0.007302 0.005384 0.571243 0.685123 1.000000 1.000000 1.000000 1.000000 0.632591 0.665267
19.190000 0.653201 0.991253 0.113692 0.104061 0.629158 0.660611 0.735751 0.775202 0.007555 0.002094 0.571740 0.689437 1.000000 1.000000 1.000000 1.000000 0.629158 0.660611
19.200000 0.669018 0.986751 0.106881 0.108099 0.626990 0.664660 0.731152 0.772747 0.012599 0.002943 0.574876 0.684710 1.000000 1.000000 1.000000 1.000000 0.626990 0.664660
#V 4 video
19.210000 0.687283 0.985702 0.106909 0.105821 0.629120 0.665496 0.735435 0.777340 0.007858 0.007202 0.577034 0.678588 1.000000 1.000000 1.000000 1.000000 0.629120 0.665496
19.220000 0.697036 0.984241 0.106537 0.110097 0.623129 0.668144 0.729807 0.777238 0.003781 0.001757 0.578331 0.671710 1.000000 1.000000 1.000000 1.000000 0.623129 0.668144
19.230000 0.710895 0.980933 0.102492 0.104804 0.622265 0.672483 0.734053 0.780373 0.006859 -0.004420 0.577758 0.666792 1.000000 1.000000 1.000000 1.000000 0.622265 0.672483
19.240000 0.728525 0.984999 0.099276 0.110636 0.620379 0.666021 0.736457 0.783878 0.004259 -0.002843 0.574294 0.667135 1.000000 1.000000 1.000000 1.000000 0.620379 0.666021
#V 5 video
19.250000 0.752855 0.991752 0.104676 0.105368 0.625688 0.663662 0.733352 0.787545 0.009603 -0.004605 0.571087 0.668036 1.000000 1.000000 1.000000 1.000000 0.625688 0.663662
19.260000 0.769374 0.998074 0.106391 0.107434 0.627156 0.665423 0.729938 0.787004 0.006408 -0.005997 0.568792 0.663498 1.000000 1.000000 1.000000 1.000000 0.627156 0.665423
19.270000 0.795827 1.001082 0.109485 0.112820 0.629002 0.663512 0.735307 0.784701 0.011766 -0.006361 0.561254 0.669837 1.000000 1.000000 1.000000 1.000000 0.629002 0.663512
19.280000 0.815301 1.004609 0.107388 0.118319 0.633884 0.659858 0.733197 0.784525 0.006243 -0.008222 0.566031 0.663945 1.000000 1.000000 1.000000 1.000000 0.633884 0.659858
#V 6 video
19.290000 0.839151 1.008929 0.107320 0.120124 0.636257 0.654690 0.727825 0.788483 0.000702 -0.005466 0.568009 0.665471 1.000000 1.000000 1.000000 1.000000 0.636257 0.654690
19.300000 0.864980 1.005278 0.110894 0.124534 0.634883 0.651322 0.727997 0.790739 0.002750 -0.004830 0.560387 0.668501 1.000000 1.000000 1.000000 1.000000 0.634883 0.651322
19.310000 0.891434 1.000807 0.113432 0.123330 0.628918 0.653908 0.728198 0.793793 0.008072 -0.001760 0.558032 0.667249 1.000000 1.000000 1.000000 1.000000 0.628918 0.653908
19.320000 0.913960 1.004786 0.114548 0.127095 0.627110 0.656765 0.722962 0.792812 0.001968 -0.007270 0.553097 0.665981 1.000000 1.000000 1.000000 1.000000 0.627110 0.656765
#V 7 video
19.330000 0.930856 0.999351 0.117380 0.128084 0.626743 0.655207 0.719222 0.788515 0.003043 -0.011657 0.554534 0.664412 1.000000 1.000000 1.000000 1.000000 0.626743 0.655207
19.340000 0.953263 1.004539 0.113572 0.122217 0.626764 0.660168 0.723107 0.791060 0.003507 -0.006257 0.558474 0.669536 1.000000 1.000000 1.000000 1.000000 0.626764 0.660168
19.350000 0.979320 1.004315 0.120588 0.126741 0.627552 0.662187 0.724637 0.786557 0.003864 -0.010857 0.555763 0.673776 1.000000 1.000000 1.000000 1.000000 0.627552 0.662187
19.360000 0.992797 1.009279 0.115545 0.131001 0.621237 0.663774 0.719976 0.786857 0.002385 -0.012152 0.549258 0.667587 1.000000 1.000000 1.000000 1.000000 0.621237 0.663774
#V 8 video
19.370000 0.998655 1.008721 0.117940 0.132862 0.619138 0.658799 0.723868 0.780936 0.003102 -0.010368 0.554060 0.662196 1.000000 1.000000 1.000000 1.000000 0.619138 0.658799
19.380000 0.998521 1.001687 0.119051 0.130750 0.613493 0.662982 0.721566 0.780194 0.007658 -0.008465 0.552883 0.659958 1.000000 1.000000 1.000000 1.000000 0.613493 0.662982
19.390000 1.003037 1.001262 0.115619 0.123165 0.618111 0.669807 0.722637 0.783676 0.012595 -0.009326 0.554589 0.656867 1.000000 1.000000 1.000000 1.000000 0.618111 0.669807
19.400000 1.003773 1.006950 0.116681 0.118457 0.623379 0.669843 0.725291 0.783654 0.009558 -0.002090 0.556916 0.659603 1.000000 1.000000 1.000000 1.000000 0.623379 0.669843
#V 9 video
19.410000 1.002589 1.010946 0.111923 0.122406 0.627153 0.669539 0.727771 0.777934 0.011523 0.003274 0.554737 0.654228 1.000000 1.000000 1.000000 1.000000 0.627153 0.669539
19.420000 1.000572 1.011959 0.110305 0.119115 0.631129 0.672498 0.733399 0.772083 0.009488 0.008709 0.552811 0.651954 1.000000 1.000000 1.000000 1.000000 0.631129 0.672498
19.430000 0.996178 1.009613 0.111845 0.113610 0.631558 0.667205 0.738237 0.772304 0.009326 0.009334 0.558810 0.651325 1.000000 1.000000 1.000000 1.000000 0.631558 0.667205
19.440000 0.994286 1.004989 0.111073 0.108104 0.632886 0.664748 0.742978 0.776834 0.010021 0.005676 0.556306 0.653764 1.000000 1.000000 1.000000 1.000000 0.632886 0.664748
#V 10 video
19.450000 0.999653 1.005644 0.115774 0.109512 0.634274 0.662625 0.742418 0.777038 0.013027 0.005598 0.554596 0.651480 1.000000 1.000000 1.000000 1.000000 0.634274 0.662625
19.460000 1.005392 1.008265 0.117880 0.108016 0.634435 0.660991 0.746340 0.779665 0.014185 0.004609 0.557036 0.654168 1.000000 1.000000 1.000000 1.000000 0.634435 0.660991
19.470000 1.004182 1.005871 0.120175 0.109226 0.634090 0.660110 0.751087 0.785434 0.019048 0.008107 0.559338 0.661369 1.000000 1.000000 1.000000 1.000000 0.634090 0.660110
19.480000 1.003581 1.010108 0.118463 0.114258 0.636778 0.660010 0.747805 0.781059 0.011251 0.004838 0.564051 0.664039 1.000000 1.000000 1.000000 1.000000 0.636778 0.660010
#V 11 video
19.490000 1.007465 1.008398 0.121421 0.115986 0.639808 0.655118 0.744625 0.774353 0.015404 0.004704 0.569371 0.668251 1.000000 1.000000 1.000000 1.000000 0.639808 0.655118
19.500000 1.003491 1.010851 0.120002 0.116007 0.633212 0.661270 0.740561 0.770289 0.014269 0.005831 0.573222 0.674291 1.000000 1.000000 1.000000 1.000000 0.633212 0.661270
19.510000 0.997040 1.007793 0.123451 0.110732 0.636058 0.663627 0.744991 0.767561 0.018143 0.002776 0.575010 0.668758 1.000000 1.000000 1.000000 1.000000 0.636058 0.663627
19.520000 0.994218 1.007084 0.120815 0.105276 0.631762 0.665547 0.744101 0.772964 0.011242 -0.000030 0.576880 0.669815 1.000000 1.000000 1.000000 1.000000 0.631762 0.665547
#V 12 video
19.530000 1.000641 1.005806 0.120030 0.107354 0.627836 0.667340 0.745922 0.770481 0.007657 0.006088 0.575013 0.669120 1.000000 1.000000 1.000000 1.000000 0.627836 0.667340
19.540000 1.004782 1.007864 0.114020 0.105803 0.633438 0.670074 0.747299 0.774912 0.004067 0.001379 0.575173 0.666030 1.000000 1.000000 1.000000 1.000000 0.633438 0.670074
19.550000 1.009888 1.003393 0.113377 0.103762 0.636849 0.671254 0.746335 0.774383 0.002279 0.001305 0.570704 0.667864 1.000000 1.000000 1.000000 1.000000 0.636849 0.671254
19.560000 1.010604 1.006318 0.115950 0.107506 0.629696 0.669191 0.745106 0.779542 0.007230 -0.004893 0.563430 0.673647 1.000000 1.000000 1.000000 1.000000 0.629696 0.669191
#V 13 video
19.570000 1.007402 1.003214 0.121739 0.105514 0.624215 0.670522 0.745754 0.778903 0.011983 -0.001750 0.558775 0.672757 1.000000 1.000000 1.000000 1.000000 0.624215 0.670522
19.580000 1.001123 1.006247 0.116626 0.102434 0.619551 0.664615 0.743248 0.780163 0.007127 -0.001568 0.560428 0.670057 1.000000 1.000000 1.000000 1.000000 0.619551 0.664615
19.590000 0.998159 1.010118 0.110278 0.104275 0.615222 0.667545 0.740587 0.781069 0.004364 -0.004899 0.560094 0.670631 1.000000 1.000000 1.000000 1.000000 0.615222 0.667545
19.600000 0.994502 1.007284 0.107761 0.100289 0.614476 0.666833 0.737646 0.778578 0.006879 -0.004595 0.554673 0.673125 1.000000 1.000000 1.000000 1.000000 0.614476 0.666833
#V 14 video
19.610000 0.989194 1.005358 0.104339 0.103703 0.615099 0.670533 0.740223 0.777412 0.010780 0.000988 0.552359 0.671263 1.000000 1.000000 1.000000 1.000000 0.615099 0.670533
19.620000 0.987553 1.003711 0.106867 0.101260 0.616656 0.664843 0.741164 0.782797 0.009672 0.001346 0.552794 0.676270 1.000000 1.000000 1.000000 1.000000 0.616656 0.664843
19.630000 0.988589 1.004853 0.104524 0.107358 0.612620 0.668983 0.735501 0.785924 0.003487 0.000574 0.551145 0.673215 1.000000 1.000000 1.000000 1.000000 0.612620 0.668983
19.640000 0.989162 1.010676 0.110256 0.109461 0.617150 0.667767 0.733503 0.780808 -0.001774 -0.000745 0.554853 0.666499 1.000000 1.000000 1.000000 1.000000 0.617150 0.667767
#V 15 video
19.650000 0.984190 1.005294 0.109217 0.108989 0.624096 0.666288 0.728541 0.776149 -0.005343 0.002785 0.556864 0.663791 1.000000 1.000000 1.000000 1.000000 0.624096 0.666288
19.660000 0.988011 1.001146 0.109324 0.106446 0.624889 0.672749 0.727702 0.776657 0.000911 0.003731 0.556675 0.668098 1.000000 1.000000 1.000000 1.000000 0.624889 0.672749
19.670000 0.987858 1.004673 0.114650 0.104898 0.624373 0.676930 0.730798 0.781735 -0.003570 0.004285 0.559045 0.672990 1.000000 1.000000 1.000000 1.000000 0.624373 0.676930
19.680000 0.983563 1.004812 0.109411 0.103245 0.628135 0.676806 0.731173 0.779744 -0.003755 0.007863 0.558509 0.674397 1.000000 1.000000 1.000000 1.000000 0.628135 0.676806
#V 16 video
19.690000 0.979319 1.000156 0.105505 0.107287 0.630187 0.673328 0.728815 0.778630 -0.005207 0.003078 0.552071 0.679217 1.000000 1.000000 1.000000 1.000000 0.630187 0.673328
19.700000 0.979939 1.000383 0.105940 0.103264 0.629139 0.679252 0.734430 0.783752 -0.007603 0.006862 0.550661 0.678185 1.000000 1.000000 1.000000 1.000000 0.629139 0.679252
19.710000 0.978342 0.994355 0.102853 0.097740 0.627097 0.677166 0.738960 0.781152 -0.004279 0.004038 0.556946 0.676951 1.000000 1.000000 1.000000 1.000000 0.627097 0.677166
19.720000 0.976297 0.999903 0.103338 0.093783 0.620630 0.681103 0.735901 0.785658 -0.005317 0.008162 0.554910 0.680836 1.000000 1.000000 1.000000 1.000000 0.620630 0.681103
#V 17 video
19.730000 0.984111 0.998954 0.101311 0.101722 0.625200 0.675793 0.730289 0.778979 -0.003247 0.010724 0.561083 0.683076 1.000000 1.000000 1.000000 1.000000 0.625200 0.675793
19.740000 0.991915 1.001186 0.101121 0.103725 0.623359 0.675809 0.736420 0.779773 -0.001898 0.005915 0.563418 0.681055 1.000000 1.000000 1.000000 1.000000 0.623359 0.675809
19.750000 0.992268 1.005798 0.102034 0.105851 0.621129 0.671472 0.738193 0.774602 -0.003021 0.011172 0.564862 0.680270 1.000000 1.000000 1.000000 1.000000 0.621129 0.671472
19.760000 0.993452 1.001559 0.099513 0.111241 0.621173 0.665075 0.739192 0.772460 -0.005606 0.011104 0.562203 0.674171 1.000000 1.000000 1.000000 1.000000 0.621173 0.665075
#V 18 video
19.770000 0.996894 1.003831 0.096079 0.107791 0.618771 0.660020 0.732995 0.769835 -0.005021 0.004681 0.560506 0.668674 1.000000 1.000000 1.000000 1.000000 0.618771 0.660020
19.780000 0.997706 1.003850 0.099361 0.104288 0.618039 0.657023 0.732826 0.772289 -0.005000 0.002507 0.563539 0.667537 1.000000 1.000000 1.000000 1.000000 0.618039 0.657023
19.790000 1.001995 1.005798 0.099466 0.102381 0.621730 0.660279 0.732201 0.768311 -0.004236 0.000428 0.559681 0.672103 1.000000 1.000000 1.000000 1.000000 0.621730 0.660279
19.800000 0.999923 1.005806 0.095730 0.106158 0.626150 0.658198 0.737862 0.763322 0.000078 -0.001952 0.562007 0.675471 1.000000 1.000000 1.000000 1.000000 0.626150 0.658198
#V 19 video
19.810000 0.994532 1.007382 0.097678 0.101450 0.619930 0.654365 0.734557 0.767107 -0.003480 0.001179 0.558130 0.680660 1.000000 1.000000 1.000000 1.000000 0.619930 0.654365
19.820000 0.996732 1.006066 0.096558 0.101365 0.624620 0.650873 0.738107 0.764976 0.000153 0.002030 0.553876 0.676512 1.000000 1.000000 1.000000 1.000000 0.624620 0.650873
19.830000 0.993933 1.007458 0.101997 0.102076 0.621857 0.657727 0.733773 0.770504 0.001552 -0.002127 0.548598 0.671929 1.000000 1.000000 1.000000 1.000000 0.621857 0.657727
19.840000 0.998487 1.012415 0.107219 0.100179 0.625858 0.653418 0.731047 0.766898 0.001467 -0.008148 0.548831 0.672449 1.000000 1.000000 1.000000 1.000000 0.625858 0.653418
#V 20 video
19.850000 0.994763 1.012751 0.108877 0.106778 0.626768 0.653869 0.728458 0.765133 -0.001307 -0.005994 0.549177 0.676558 1.000000 1.000000 1.000000 1.000000 0.626768 0.653869
19.860000 0.992979 1.016866 0.104576 0.105400 0.628494 0.661172 0.726302 0.766989 0.003423 -0.003056 0.549772 0.678953 1.000000 1.000000 1.000000 1.000000 0.628494 0.661172
19.870000 0.999325 1.019561 0.105027 0.111733 0.631810 0.661494 0.724152 0.765201 0.009292 -0.005014 0.549434 0.682685 1.000000 1.000000 1.000000 1.000000 0.631810 0.661494
19.880000 1.003401 1.018691 0.103376 0.109211 0.632401 0.663271 0.721725 0.762209 0.007685 -0.004910 0.549929 0.679667 1.000000 1.000000 1.000000 1.000000 0.632401 0.663271
